[2025-08-28T10:52:34.198045+00:00] site=Regionalverband Braunschweig - Regionaler Raumordnungsplan
  url=https://www.regionalverband-braunschweig.de/region-raum/planung-verfahren/regionalplanung/rrop-neuaufstelllung
  strategy=selectors(#page-content)
  selectors=[#page-content]
  matches=1
  used_nodes=div#page-content.main-part.bp-page-content.main-section
  text_len=15761 hash=df5bbfe01fa4
[2025-08-28T10:52:34.303744+00:00] site=Landkreis Heidekreis - Regionaler Raumordnungsplan
  url=https://www.heidekreis.de/bauen-planen/regional-und-bauleitplanung.html
  strategy=selectors(main)
  selectors=[main]
  matches=1
  used_nodes=main
  text_len=29822 hash=befd45029502
[2025-08-28T10:52:34.396636+00:00] site=Landkreis Celle - Regionaler Raumordnungsplan
  url=https://www.landkreis-celle.de/index.php?ModID=7&FID=3314.15511.1&object=tx|3314.15511.1
  strategy=selectors(main.site-content.wrapper)
  selectors=[main.site-content.wrapper]
  matches=1
  used_nodes=main.site-content.wrapper
  text_len=5948 hash=9e8061d705f4
[2025-08-28T10:52:34.456014+00:00] site=Landkreis Lueneburg - Regionaler Raumordnungsplan
  url=https://www.landkreis-lueneburg.de/fuer-unsere-buergerinnen-und-buerger/bauen-und-planen/regionalplanung/neuaufstellung-des-regionalen-raumordnungsprogramms.html
  strategy=selectors(#MainContent)
  selectors=[#MainContent]
  matches=1
  used_nodes=main#MainContent.Main
  text_len=59476 hash=f89264bce95b
[2025-08-28T10:52:34.751857+00:00] site=Landkreis Hildesheim - Regionaler Raumordnungsplan
  url=https://www.landkreishildesheim.de/Politik-Verwaltung/Verwaltung/Projekte/RROP/
  strategy=selectors(#mtp_content)
  selectors=[#mtp_content]
  matches=1
  used_nodes=div#mtp_content
  text_len=7205 hash=845514afb436
[2025-08-28T10:52:34.911323+00:00] site=Landkreis Goettingen - Regionaler Raumordnungsplan
  url=https://www.landkreisgoettingen.de/Themen-Leistungen/Bauen-Infrastruktur/Regionalplanung/Neuaufstellung-Regionales-Raumordnungsprogramm/
  strategy=selectors(.site-main.wrapper)
  selectors=[.site-main.wrapper]
  matches=1
  used_nodes=main.site-main.wrapper
  text_len=14130 hash=fce84b455179
[2025-08-28T10:52:34.932933+00:00] site=Landkreis Uelzen - Regionaler Raumordnungsplan
  url=https://www.landkreis-uelzen.de/home/bauen-umwelt-tiere-und-lebensmittel/bauen/regionalplanung/neuaufstellung-des-regionalen-raumordnungsprogrammes-rrop-fuer-den-landkreis-uelzen-2019.aspx
  strategy=selectors(#ctl01_contentpane)
  selectors=[#ctl01_contentpane]
  matches=1
  used_nodes=div#ctl01_contentpane.row
  text_len=9429 hash=7f0a65c7a40d
[2025-08-28T10:52:35.011208+00:00] site=Landkreis Luechow-Dannenberg - Regionaler Raumordnungsplan
  url=https://www.luechow-dannenberg.de/portal/meldungen/neuaufstellung-des-regionalen-raumordnungsprogramms-rrop--900000258-38100.html
  strategy=selectors(#content)
  selectors=[#content]
  matches=1
  used_nodes=div#content
  text_len=29329 hash=389693d7223d
[2025-08-28T10:52:35.087158+00:00] site=Landkreis Hameln-Pyrmont - Regionaler Raumordnungsplan
  url=https://www.hameln-pyrmont.de/Wirtschaft-Klima/Weitere-Themen/Regionalplanung-/
  strategy=selectors(.inhalt)
  selectors=[.inhalt]
  matches=1
  used_nodes=article.inhalt
  text_len=2505 hash=54f9ea0dca42
[2025-08-28T10:52:35.223812+00:00] site=Landkreis Northeim - Regionaler Raumordnungsplan
  url=https://www.landkreis-northeim.de/portal/seiten/neuaufstellung-des-regionalen-raumordnungsprogramms-fuer-den-landkreis-northeim-900000239-23900.html
  strategy=selectors(#nolis_content)
  selectors=[#nolis_content]
  matches=1
  used_nodes=div#nolis_content
  text_len=20307 hash=19625b99c559
[2025-08-28T10:52:35.280332+00:00] site=Regionalverband Hannover- Regionaler Raumordnungsplan
  url=https://www.hannover.de/Leben-in-der-Region-Hannover/Planen,-Bauen,-Wohnen/Raumordnung-Regionalentwicklung/Regionalplanung
  strategy=selectors(.main-content-wrapper)
  selectors=[.main-content-wrapper]
  matches=1
  used_nodes=div.main-content-wrapper
  text_len=49112 hash=b1c49f86d9d7
[2025-08-28T10:52:35.411377+00:00] site=Landkreis Harburg - Regionaler Raumordnungsplan
  url=https://www.landkreis-harburg.de/portal/seiten/regionales-raumordnungsprogramm-rrop-2025-fuer-den-landkreis-harburg-901000407-20100.html
  strategy=selectors(#content)
  selectors=[#content]
  matches=1
  used_nodes=div#content
  text_len=28684 hash=34f7772a86dc
[2025-08-28T10:52:35.438689+00:00] site=Landkreis Vechta  - Regionaler Raumordnungsplan
  url=https://www.landkreis-vechta.de/bauen-und-umwelt/planen-und-bauen/raumordnung/rrop.html
  strategy=selectors(#col3)
  selectors=[#col3]
  matches=1
  used_nodes=div#col3.col-lg-7
  text_len=3733 hash=2713f7d350c2
[2025-08-28T10:52:35.463054+00:00] site=Landkreis Nienburg-Weser - Regionaler Raumordnungsplan
  url=https://www.lk-nienburg.de/politik-verwaltung/planen-bauen/regionalplanung/neuaufstellung-rrop/
  strategy=selectors(#content)
  selectors=[#content]
  matches=1
  used_nodes=div#content
  text_len=12268 hash=75802a9e7b7b
[2025-08-28T10:52:35.497530+00:00] site=Landkreis Holzminden - Regionaler Raumordnungsplan
  url=https://www.landkreis-holzminden.de/portal/seiten/regionales-raumordnungsprogramm-rrop--900000126-25600.html
  strategy=selectors(#middle)
  selectors=[#middle]
  matches=1
  used_nodes=div#middle.innenw
  text_len=17553 hash=9f052f00c4c4
[2025-08-28T10:52:35.577764+00:00] site=Landkreis Emsland - Regionaler Raumordnungsplan
  url=https://www.emsland.de/wirtschaft-struktur/raumplanung-und-bauen/regionalplanung/regionalplanung.html
  strategy=selectors(#content)
  selectors=[#content]
  matches=1
  used_nodes=div#content
  text_len=10271 hash=3b87e341a54d
[2025-08-28T10:52:35.591832+00:00] site=Grafschaft Bentheim  - Regionaler Raumordnungsplan
  url=https://www.grafschaft-bentheim.de/grafschaft/buergerservice/?ansicht=dienstleistung&eintrag=316
  strategy=selectors(#blockBody)
  selectors=[#blockBody]
  matches=1
  used_nodes=div#blockBody
  text_len=6286 hash=c0614c3eb213
[2025-08-28T10:52:35.607310+00:00] site=Landkreis Schaumburg - Regionaler Raumordnungsplan
  url=https://www.serviceportal-schaumburg.de/buergerservice/dienstleistungen/raumordnung-landesplanung-und-regionalplanung-900000734-24500.html
  strategy=selectors(#content)
  selectors=[#content]
  matches=1
  used_nodes=div#content
  text_len=23955 hash=28a69815e5f0
[2025-08-28T10:52:35.656349+00:00] site=Landkreis Leer - Regionaler Raumordnungsplan
  url=https://www.landkreis-leer.de/Themen/Bauen-Umwelt/Planung/Regionale-Raumordnung/
  strategy=selectors(#readthis)
  selectors=[#readthis]
  matches=1
  used_nodes=div#readthis
  text_len=12195 hash=2f1382eb4d8d
[2025-08-28T10:52:35.688728+00:00] site=Landkreis Ammerland - Regionaler Raumordnungsplan
  url=https://www.ammerland.de/Service/Von-A-Z/Dienstleistungen/Regionalplanung-Regionales-Raumordnungsprogramm-RROP-.php?ModID=10&FID=2843.2080.1
  strategy=selectors(.column-md-1.column-4x5)
  selectors=[.column-md-1.column-4x5]
  matches=1
  used_nodes=div.column-md-1.column-4x5
  text_len=15377 hash=cc406c768188
[2025-08-28T10:52:35.863024+00:00] site=Landkreis Wittmund - Regionaler Raumordnungsplan
  url=https://www.landkreis-wittmund.de/Leben-Wohnen/Wohnen/Bauen-und-Planen/Regionalplanung/
  strategy=selectors(.site-content.wrapper)
  selectors=[.site-content.wrapper]
  matches=1
  used_nodes=section.site-content.wrapper
  text_len=9369 hash=c1c543244b69
[2025-08-28T10:52:36.031112+00:00] site=Landkreis Friesland - Regionaler Raumordnungsplan
  url=https://www.friesland.de/buergerservice/dienstleistungen/regionalplanung-regionales-raumordnungsprogramm-rrop--901001864-0.html
  strategy=selectors(#middle)
  selectors=[#middle]
  matches=1
  used_nodes=div#middle
  text_len=56449 hash=090bd338d4b8
[2025-08-28T10:52:36.047909+00:00] site=Landkreis Cloppenburg - Regionaler Raumordnungsplan
  url=https://www.lkclp.de/unser-landkre/bauen--umwel/plane/raumordnung/regionales-raumordnungsprogramm-rrop
  strategy=selectors(.main-inner)
  selectors=[.main-inner]
  matches=1
  used_nodes=div.main-inner
  text_len=4953 hash=5a756cff5237
[2025-08-28T10:52:36.155843+00:00] site=Landkreis Cuxhaven - Regionaler Raumordnungsplan - RROP2012
  url=https://www.landkreis-cuxhaven.de/Themenbereiche/Bauen-Planen/Regionalplanung/RROP-2012/
  strategy=selectors(.inhalt.column-2.clearfix)
  selectors=[.inhalt.column-2.clearfix]
  matches=1
  used_nodes=section.inhalt.column-2.clearfix
  text_len=8170 hash=51d2268b00a2
[2025-08-28T10:52:36.195708+00:00] site=Landkreis Cuxhaven - Regionaler Raumordnungsplan
  url=https://www.landkreis-cuxhaven.de/Themenbereiche/Bauen-Planen/Regionalplanung/
  strategy=selectors(.inhalt.column-2.clearfix)
  selectors=[.inhalt.column-2.clearfix]
  matches=1
  used_nodes=section.inhalt.column-2.clearfix
  text_len=5100 hash=ec4c92524d41
[2025-08-28T10:52:36.231725+00:00] site=Landkreis Cuxhaven - Regionaler Raumordnungsplan - Neuaufstellungen
  url=https://www.landkreis-cuxhaven.de/Themenbereiche/Bauen-Planen/Regionalplanung/Neuaufstellung-des-RROP/
  strategy=selectors(.inhalt.column-2.clearfix)
  selectors=[.inhalt.column-2.clearfix]
  matches=1
  used_nodes=section.inhalt.column-2.clearfix
  text_len=1322 hash=74f753863ca2
[2025-08-28T10:52:36.289391+00:00] site=Landkreis Aurich - Regionaler Raumordnungsplan
  url=https://www.landkreis-aurich.de/bildung-wirtschaft/regionalplanung-und-kreisentwicklung/raumordnung/neuaufstellung-des-regionalen-raumordnungsprogramms-rrop.html
  strategy=selectors(#content)
  selectors=[#content]
  matches=1
  used_nodes=section#content.container
  text_len=12615 hash=86cccdde632c
[2025-08-28T10:52:36.382253+00:00] site=Landkreis Oldenburg - Regionaler Raumordnungsplan
  url=https://www.oldenburg-kreis.de/planen-und-bauen/raumordnung-und-bauleitplanung/regionales-raumordnungsprogramm/neuaufstellung-des-regionalen-raumordnungsprogrammes-rrop-/
  strategy=selectors(#nolis_content)
  selectors=[#nolis_content]
  matches=1
  used_nodes=div#nolis_content
  text_len=5419 hash=2a389c7bb929
[2025-08-28T10:52:36.712989+00:00] site=Regierungspräsidium Gießen - Regionalplan Mittelhessen
  url=https://rp-giessen.hessen.de/wirtschaft-und-planung/regionalplanung/regionalplan-mittelhessen
  strategy=selectors(#main)
  selectors=[#main]
  matches=1
  used_nodes=div#main.col-12.col-lg-5
  text_len=143889 hash=62989f0c2f4e
[2025-08-28T10:52:36.802133+00:00] site=Regierungspräsidium Kassel - Nordosthessen (Regionalplanung & Landesentwicklung)
  url=https://rp-kassel.hessen.de/landesentwicklung
  strategy=selectors(#main)
  selectors=[#main]
  matches=1
  used_nodes=div#main.col-12.col-lg-5
  text_len=120019 hash=fc4762c3b0ea
[2025-08-28T10:52:36.857842+00:00] site=Landesplanung Hessen - Südhessen Regionalplanung
  url=https://landesplanung.hessen.de/regionalplanung/suedhessen
  strategy=selectors(#main)
  selectors=[#main]
  matches=1
  used_nodes=div#main.col-12.col-lg-5
  text_len=34655 hash=589463fc9e3a
[2025-08-28T10:52:36.891200+00:00] site=Planregion NordOst-Hessen - Regionaler Raumordnungsplan
  url=https://landesplanung.hessen.de/regionalplanung/nordosthessen
  strategy=selectors(#main)
  selectors=[#main]
  matches=1
  used_nodes=div#main.col-12.col-lg-5
  text_len=30892 hash=1b23c9b1357f
[2025-08-28T10:52:36.926248+00:00] site=Landesplanung Hessen - Mittelhessen RP und Teilplan Energie
  url=https://landesplanung.hessen.de/regionalplanung/mittelhessen
  strategy=selectors(#main)
  selectors=[#main]
  matches=1
  used_nodes=div#main.col-12.col-lg-5
  text_len=32972 hash=a1648ace17b0
[2025-08-28T10:52:36.966633+00:00] site=Landesplanung Hessen - Regionalplanung
  url=https://landesplanung.hessen.de/regionalplanung
  strategy=selectors(#main)
  selectors=[#main]
  matches=1
  used_nodes=div#main.col-12.col-lg-5
  text_len=48549 hash=2feb11923556
[2025-08-28T10:52:37.016617+00:00] site=Landesplanung Hessen - Geodaten Regionalpläne
  url=https://landesplanung.hessen.de/geodaten/regionalplaene
  strategy=selectors(#main-content)
  selectors=[#main-content]
  matches=1
  used_nodes=main#main-content.main.pb-5
  text_len=63636 hash=ea3f326b5f2d
[2025-08-28T10:52:37.083219+00:00] site=Landkreis Diepholz - Regionaler Raumordnungsplan
  url=https://www.diepholz.de/portal/seiten/regionalplanung-regionalentwicklung-1000571-21750.html
  strategy=selectors(#content)
  selectors=[#content]
  matches=1
  used_nodes=div#content
  text_len=72776 hash=71fc7f2a533d
[2025-08-28T10:52:37.182825+00:00] site=Landkreis Wesermarsch - Regionaler Raumordnungsplan
  url=https://wesermarsch.de/services/bauen-planen/regionale-raumordnung/
  strategy=selectors(.post-content)
  selectors=[.post-content]
  matches=1
  used_nodes=div.post-content
  text_len=51475 hash=8f9ac0f0b6a5
[2025-08-28T10:52:37.248930+00:00] site=Landkreis Stade - Regionaler Raumordnungsplan
  url=https://www.landkreis-stade.de/portal/seiten/neuaufstellung-des-regionalen-raumordnungsprogramms-901001078-20350.html
  strategy=selectors(#content)
  selectors=[#content]
  matches=1
  used_nodes=div#content
  text_len=10175 hash=a044a9c97fa0
[2025-08-28T10:52:37.348672+00:00] site=Landesplanung Hessen - Potenzialflächenkataster
  url=https://landesplanung.hessen.de/potenzialflaechenkataster
  strategy=selectors(#main)
  selectors=[#main]
  matches=1
  used_nodes=div#main.col-12.col-lg-5
  text_len=44027 hash=bc7f3c5bda56
[2025-08-28T10:52:37.434979+00:00] site=Landkreis Osnabrueck  - Regionaler Raumordnungsplan
  url=https://www.landkreis-osnabrueck.de/fachthemen/bauen/regionales-raumordnungsprogramm-rrop
  strategy=selectors(#content)
  selectors=[#content]
  matches=1
  used_nodes=section#content
  text_len=35216 hash=f619a370779e
[2025-08-28T10:52:37.470640+00:00] site=Regierungspräsidium Darmstadt - Regionalplan Südhessen & Regionaler Flächennutzungsplan
  url=https://rp-darmstadt.hessen.de/infrastruktur-und-wirtschaft/regionalplanung/regionalplan-suedhessen/regionalplan-suedhessen-regionaler-flaechennutzungsplan
  strategy=selectors(#main)
  selectors=[#main]
  matches=1
  used_nodes=div#main.col-12.col-lg-5
  text_len=34231 hash=6bf2950ed14f
[2025-08-28T10:52:37.510289+00:00] site=Landkreis Osterholz - Regionaler Raumordnungsplan
  url=https://www.lk-row.de/portal/seiten/regionales-raumordnungsprogramm-rrop-des-landkreises-1072-23700.html
  strategy=selectors(#content)
  selectors=[#content]
  matches=1
  used_nodes=div#content
  text_len=41129 hash=a3fd4b8f13ef
[2025-08-28T10:52:37.549445+00:00] site=Landkreis Rotenburg-Wuemme - Regionaler Raumordnungsplan
  url=https://www.lk-row.de/portal/seiten/regionales-raumordnungsprogramm-rrop-des-landkreises-1072-23700.html
  strategy=selectors(#nolis_content)
  selectors=[#nolis_content]
  matches=1
  used_nodes=div#nolis_content
  text_len=29972 hash=248bbd3df2ec
[2025-08-28T10:52:37.596893+00:00] site=Regierungspräsidium Darmstadt - Regionalplan Südhessen
  url=https://rp-darmstadt.hessen.de/infrastruktur-und-wirtschaft/regionalplanung/regionalplan-suedhessen
  strategy=selectors(#main)
  selectors=[#main]
  matches=1
  used_nodes=div#main.col-12.col-lg-5
  text_len=50534 hash=2e31d5de1452
[2025-08-28T10:52:37.658618+00:00] site=Regierungspräsidium Darmstadt - Regionalplan Südhessen & Teilplan EE und 1. Änderung
  url=https://rp-darmstadt.hessen.de/infrastruktur-und-wirtschaft/regionalplanung/regionalplan-suedhessen/teilplan-erneuerbare-energien-2019
  strategy=selectors(#main-content)
  selectors=[#main-content]
  matches=1
  used_nodes=main#main-content.main.pb-5
  text_len=89077 hash=1fb1d5d1b519
[2025-08-28T10:52:37.719949+00:00] site=Regierungspräsidium Darmstadt - Regionalplan Südhessen Neuaufstellung
  url=https://rp-darmstadt.hessen.de/infrastruktur-und-wirtschaft/regionalplanung/regionalplan-suedhessen/neuaufstellung
  strategy=selectors(#main)
  selectors=[#main]
  matches=1
  used_nodes=div#main.col-12.col-lg-5
  text_len=89969 hash=929b17fb4bc2
[2025-08-28T10:52:37.818200+00:00] site=Landkreis Verden - Regionaler Raumordnungsplan
  url=https://www.landkreis-verden.de/abfall-bauen-umwelt/regionalplanung/rrop-2016/
  strategy=selectors(#content)
  selectors=[#content]
  matches=1
  used_nodes=div#content
  text_len=18873 hash=ce15f2e7a6f8
[2025-08-28T10:52:37.850520+00:00] site=Regionalplan Nordhessen - Geoportal Nordhessen
  url=https://www.geoportalnordhessen.de/de/regionalplan-nordhessen.html
  strategy=selectors(.col-12.order-1)
  selectors=[.col-12.order-1]
  matches=1
  used_nodes=main.col-12.order-1
  text_len=3293 hash=222e3790949f
[2025-08-28T10:52:37.964145+00:00] site=Regierungspräsidium Gießen - Regionalplanung Rundbriefe Regionalversammlung
  url=https://rp-giessen.hessen.de/wirtschaft-und-planung/regionalplanung/rundbriefe-regionalversammlung
  strategy=selectors(#main-content)
  selectors=[#main-content]
  matches=1
  used_nodes=main#main-content.main.pb-5
  text_len=67311 hash=3498db03c80a
[2025-08-28T10:52:38.026374+00:00] site=Regierungspräsidium Kassel - Erneuerbare Energien und Solarenergienutzung
  url=https://rp-kassel.hessen.de/landesentwicklung/erneuerbare-energien/solarenergienutzung
  strategy=selectors(#main)
  selectors=[#main]
  matches=1
  used_nodes=div#main.col-12.col-lg-5
  text_len=69437 hash=e561bd297bec
[2025-08-28T10:52:38.191289+00:00] site=Ministerium des Innern und für Sport - Regionalplanung
  url=https://ris.rlp.de/service/regionale-raumordnungsplaene
  strategy=selectors(#c31628)
  selectors=[#c31628]
  matches=1
  used_nodes=div#c31628.container.my-0.py-0.frame.frame-default.frame-type-container_accordion.frame-layout-0
  text_len=8614 hash=fde50d6b8ec2
[2025-08-28T10:52:38.316916+00:00] site=Planungsgemeinschaft Mittelrhein-Westerwald
  url=https://www.mittelrhein-westerwald.de/index.php/veroeffentlichungen/raumordnungsplan
  strategy=selectors(#contentWrapper)
  selectors=[#contentWrapper]
  matches=1
  used_nodes=div#contentWrapper
  text_len=5863 hash=ff427371e1f2
[2025-08-28T10:52:38.332633+00:00] site=Planungsgemeinschaft Mittelrhein-Westerwald - Teilfortschreibung Erneuerbare Energien
  url=https://www.mittelrhein-westerwald.de/index.php/teilfortschreibung-erneuerbare-energien
  strategy=selectors(#content)
  selectors=[#content]
  matches=1
  used_nodes=div#content
  text_len=6848 hash=92809dcadb59
[2025-08-28T10:52:38.350224+00:00] site=Planungsgemeinschaft Mittelrhein-Westerwald - Raumordnungsbericht
  url=https://www.mittelrhein-westerwald.de/index.php/veroeffentlichungen/raumordnungsbericht
  strategy=selectors(#content)
  selectors=[#content]
  matches=1
  used_nodes=div#content
  text_len=1284 hash=6365ba4b5cde
[2025-08-28T10:52:38.390046+00:00] site=Regionalplan Karlsruhe - Teilfortschreibungen
  url=https://www.region-karlsruhe.de/regionalplan/teilfortschreibungen
  strategy=selectors(#container-white)
  selectors=[#container-white]
  matches=1
  used_nodes=div#container-white.wrapper
  text_len=2911 hash=cbc53b6f5838
[2025-08-28T10:52:38.404518+00:00] site=Regionalplan Karlsruhe - Teilfortschreibungen Solarenergie
  url=https://www.region-karlsruhe.de/regionalplan/teilfortschreibungen/teilfortschreibung-solarenergie
  strategy=selectors(.whitebg)
  selectors=[.whitebg]
  matches=1
  used_nodes=div.container.whitebg
  text_len=5663 hash=1a459a5abf89
[2025-08-28T10:52:38.586705+00:00] site=Region FrankfurtRheinMain - Regionaler Flächennutzungsplan & Teilplan EE 2019
  url=https://www.region-frankfurt.de/Unsere-Themen-Leistungen/Regionaler-Fl%C3%A4chennutzungsplan/Beteiligung-und-aktueller-Stand-/Der-g%C3%BCltige-RegFNP-2010/
  strategy=selectors(#jump-content)
  selectors=[#jump-content]
  matches=1
  used_nodes=div#jump-content.main-content-area.column-2x3.column-md-1
  text_len=88822 hash=804b4839b7a5
[2025-08-28T10:52:38.605690+00:00] site=Metropolregion Rhein-Neckar - Einheitlicher Regionalplan
  url=https://planungsregion.m-r-n.com/regionalplan/einheitlicher-regionalplan/
  strategy=selectors(div.grid__item--twothirds.content)
  selectors=[div.grid__item--twothirds.content]
  matches=1
  used_nodes=div.grid__item--twothirds.content
  text_len=13925 hash=94ad2bdb978e
[2025-08-28T10:52:38.622538+00:00] site=Metropolregion Rhein-Neckar - Teilregionalplan Windenergie
  url=https://planungsregion.m-r-n.com/regionalplan/teilregionalplan-windenergie/
  strategy=selectors(div.grid__item--twothirds.content)
  selectors=[div.grid__item--twothirds.content]
  matches=1
  used_nodes=div.grid__item--twothirds.content
  text_len=9466 hash=0a06e7b97735
[2025-08-28T10:52:38.647613+00:00] site=Regionalplan Rhein-Neckar - Gesamtübersicht
  url=https://planungsregion.m-r-n.com/regionalplan/
  strategy=selectors(.content-block)
  selectors=[.content-block]
  matches=1
  used_nodes=section.content-block
  text_len=5421 hash=13a67cfb3738
[2025-08-28T10:52:38.654980+00:00] site=Regionalplan Donau-Iller - Regionalplanung
  url=https://www.rvdi.de/regionalplanung
  strategy=selectors(.content)
  selectors=[.content]
  matches=1
  used_nodes=div.content
  text_len=2843 hash=6f556a70e1d6
[2025-08-28T10:52:38.665252+00:00] site=Regionalplan Donau-Iller - Beteiligungsverfahren
  url=https://www.rvdi.de/regionalplanung/beteiligungsverfahren
  strategy=selectors(.content)
  selectors=[.content]
  matches=1
  used_nodes=div.content
  text_len=11066 hash=dd72a89822ad
[2025-08-28T10:52:38.698186+00:00] site=Metropolregion Rhein-Neckar - Fortschreibung Teilregionalplan Windenergie
  url=https://planungsregion.m-r-n.com/regionalplan/fortschreibung-des-teilregionalplans-windenergie/
  strategy=selectors(div.grid__item--twothirds.content)
  selectors=[div.grid__item--twothirds.content]
  matches=1
  used_nodes=div.grid__item--twothirds.content
  text_len=49210 hash=6ce873366c4f
[2025-08-28T10:52:38.730783+00:00] site=Metropolregion Rhein-Neckar - Aufstellung Teilregionalplan Freiflächenphotovoltaik
  url=https://planungsregion.m-r-n.com/regionalplan/teilregionalplan-photovoltaik/
  strategy=selectors(div.grid__item--twothirds.content)
  selectors=[div.grid__item--twothirds.content]
  matches=1
  used_nodes=div.grid__item--twothirds.content
  text_len=43040 hash=7c8939a0be07
[2025-08-28T10:52:38.743743+00:00] site=Regionalplan Bodensee-Oberschwaben - Fortschreibung Regionalplan
  url=https://www.rvbo.de/Planung/Fortschreibung-Regionalplan
  strategy=selectors(body)
  selectors=[body]
  matches=1
  used_nodes=body.contentpage
  text_len=19799 hash=fc622584213f
[2025-08-28T10:52:38.763781+00:00] site=Regionalplan Karlsruhe - Teilfortschreibung Solarenergie Detail 
  url=https://rvmo.raumordnung-online.de/verfahren/solarenergiervmo/public/detail
  strategy=selectors(div.o-page__padded)
  selectors=[div.o-page__padded]
  matches=2
  used_nodes=div.o-page__padded.c-header__wrapper, div.o-page__padded
  text_len=33727 hash=e4add8b8f9cb
[2025-08-28T10:52:38.776209+00:00] site=Regionalplan Bodensee-Oberschwaben
  url=https://www.rvbo.de/
  strategy=selectors(.main-container)
  selectors=[.main-container]
  matches=1
  used_nodes=div.container-fluid.main-container
  text_len=8588 hash=e9468cd29f96
[2025-08-28T10:52:38.810971+00:00] site=Regionalplan Rhein-Neckar - Teilregionalplan Photovoltaik
  url=https://planungsregion.m-r-n.com/regionalplan/teilregionalplan-photovoltaik/
  strategy=selectors(.main-content)
  selectors=[.main-content]
  matches=1
  used_nodes=section.wrapper.grid__row.page--base.main-content
  text_len=43739 hash=82d4bfa79d0c
[2025-08-28T10:52:38.827111+00:00] site=Regionalplan Bodensee-Oberschwaben - Kurznachrichten
  url=https://www.rvbo.de/Kurznachrichten
  strategy=selectors(.blog)
  selectors=[.blog]
  matches=1
  used_nodes=div.blog
  text_len=14654 hash=cd6047e4a674
[2025-08-28T10:52:38.835876+00:00] site=Planungsgemeinschaft Westpfalz - Regionalstatistik & Raumbeobachtung
  url=https://www.pg-westpfalz.de/regionalplanung/regionalstatistik/
  strategy=selectors(#page)
  selectors=[#page]
  matches=1
  used_nodes=div#page.site
  text_len=13762 hash=ee4822b23c4e
[2025-08-28T10:52:38.845203+00:00] site=Planungsgemeinschaft Westpfalz - Aktuelles & Bekanntmachungen
  url=https://www.pg-westpfalz.de/pgw/aktuelles-bekanntmachungen/
  strategy=selectors(#page)
  selectors=[#page]
  matches=1
  used_nodes=div#page.site
  text_len=15462 hash=721af443e50f
[2025-08-28T10:52:38.862405+00:00] site=Planungsgemeinschaft Region Trier - Materialien / Verfahren / Projekte
  url=https://www.plg-region-trier.de/index.php/materialien/info-hefte
  strategy=selectors(#content)
  selectors=[#content]
  matches=1
  used_nodes=div#content
  text_len=15370 hash=a80707ac2d4b
[2025-08-28T10:52:38.877374+00:00] site=Planungsgemeinschaft Region Trier - Regionalplan
  url=https://www.plg-region-trier.de/index.php/materialien/regionalplan
  strategy=selectors(#content)
  selectors=[#content]
  matches=1
  used_nodes=div#content
  text_len=6742 hash=bb5e2e244e8f
[2025-08-28T10:52:38.897530+00:00] site=Planungsgemeinschaft Region Trier - Bekanntmachungen
  url=https://www.plg-region-trier.de/index.php/aktuelles/bekanntmachungen
  strategy=selectors(#content)
  selectors=[#content]
  matches=1
  used_nodes=div#content
  text_len=22532 hash=89fdb804b3fe
[2025-08-28T10:52:38.913131+00:00] site=Planungsgemeinschaft Westpfalz - Raumordnungsplan
  url=https://www.pg-westpfalz.de/regionalplanung/raumordnungsplan/
  strategy=selectors(#page)
  selectors=[#page]
  matches=1
  used_nodes=div#page.site
  text_len=27222 hash=072d8743c005
[2025-08-28T10:52:38.931983+00:00] site=Planungsgemeinschaft Region Trier - Neuaufstellung Regionalplan
  url=https://www.plg-region-trier.de/index.php/materialien/neuaufstellung-regionalplan
  strategy=selectors(#content)
  selectors=[#content]
  matches=1
  used_nodes=div#content
  text_len=12523 hash=3f3107a1636b
[2025-08-28T10:52:38.963496+00:00] site=Planungsgemeinschaft Rheinhessen-Nahe - Regionaler Raumordnungsplan 2014
  url=https://www.pg-rheinhessen-nahe.de/projekte/reg-raumordnungsplan-2014/
  strategy=selectors(body)
  selectors=[body]
  matches=1
  used_nodes=body.wp-singular.page-template.page-template-elementor_header_footer.page.page-id-1047.page-child.parent-pageid-695.wp-custom-logo.wp-embed-responsive.wp-theme-hello-elementor.hello-elementor-default.elementor-default.elementor-template-full-width.elementor-kit-4.elementor-page.elementor-page-1047
  text_len=75361 hash=7bb324e17f1a
[2025-08-28T10:52:39.022583+00:00] site=Regionalplan Heilbronn-Franken - Teilfortschreibung Solarenergie
  url=https://www.rvhnf.de/tfs-solarenergie
  strategy=selectors(#main)
  selectors=[#main]
  matches=1
  used_nodes=main#main
  text_len=20681 hash=56f75d755711
[2025-08-28T10:52:39.055957+00:00] site=Planungsgemeinschaft Rheinhessen-Nahe - Fortschreibung
  url=https://www.pg-rheinhessen-nahe.de/projekte/fortschreibungen-rop/
  strategy=selectors(body)
  selectors=[body]
  matches=1
  used_nodes=body.wp-singular.page-template.page-template-elementor_header_footer.page.page-id-4224.page-child.parent-pageid-695.wp-custom-logo.wp-embed-responsive.wp-theme-hello-elementor.hello-elementor-default.elementor-default.elementor-template-full-width.elementor-kit-4.elementor-page.elementor-page-4224
  text_len=77029 hash=0d103df25f69
[2025-08-28T10:52:39.068777+00:00] site=Regionalplan Neckar-Alb - Überblick
  url=https://www.rvna.de/Startseite/Regionalplanung/Regionalplan+Ueberblick.html
  strategy=selectors(#main)
  selectors=[#main]
  matches=1
  used_nodes=div#main
  text_len=7068 hash=b5f0349a854d
[2025-08-28T10:52:39.079049+00:00] site=Regionalplan Neckar-Alb - Teilfortschreibung Solarenergie
  url=https://www.rvna.de/Startseite/Regionalplanung/teilfortschreibung+solarenergie.html
  strategy=selectors(#main)
  selectors=[#main]
  matches=1
  used_nodes=div#main
  text_len=11785 hash=a1ff6ce51f26
[2025-08-28T10:52:39.124127+00:00] site=Regionalplan Heilbronn-Franken - ROP2020 Änderung
  url=https://www.rvhnf.de/rp2020-aenderungen
  strategy=selectors(#main)
  selectors=[#main]
  matches=1
  used_nodes=main#main
  text_len=45210 hash=7e630f76b98e
[2025-08-28T10:52:39.143717+00:00] site=Planungsgemeinschaft Westpfalz - Themen Regionalplanung & Regionalentwicklung
  url=https://www.pg-westpfalz.de/regionalplanung/themen/
  strategy=selectors(#page)
  selectors=[#page]
  matches=1
  used_nodes=div#page.site
  text_len=62900 hash=d3fbba6ebacf
[2025-08-28T10:52:39.159121+00:00] site=Regionalplan Suedlicher Oberrhein - Teilfortschreibung Solar
  url=https://www.vrso.de/de/regionalplanung/fortschreibung-regionalplan/index_VerfahrenSolar.php
  strategy=selectors(#blockMain)
  selectors=[#blockMain]
  matches=1
  used_nodes=div#blockMain
  text_len=11162 hash=a9c01dbebc72
[2025-08-28T10:52:39.167836+00:00] site=Regionalplan Suedlicher Oberrhein - Gesamtübersicht
  url=https://www.vrso.de/de/planung/regionalplan/
  strategy=selectors(#blockMain)
  selectors=[#blockMain]
  matches=1
  used_nodes=div#blockMain
  text_len=6614 hash=35bfcd2f7099
[2025-08-28T10:52:39.254856+00:00] site=Regionalplan Nordschwarzwald - Gesamtübersicht
  url=https://nordschwarzwald-region.de/regionalplanung/regionalplan/
  strategy=selectors(#page)
  selectors=[#page]
  matches=1
  used_nodes=div#page.main-container
  text_len=76272 hash=c91fc5b21cce
[2025-08-28T10:52:39.270875+00:00] site=Regionalplan Schwarzwald-Baar-Heuberg - Gesamtübersicht
  url=https://www.regionalverband-sbh.de/seite/587156/regionalplan-2003.html
  strategy=selectors(main)
  selectors=[main]
  matches=1
  used_nodes=main
  text_len=8056 hash=42c7c9ddbd9c
[2025-08-28T10:52:39.284062+00:00] site=Regionalplan Schwarzwald-Baar-Heuberg - Gesamtplanfortschreibungen
  url=https://www.regionalverband-sbh.de/seite/587136/gesamtplanfortschreibung.html
  strategy=selectors(main)
  selectors=[main]
  matches=1
  used_nodes=main
  text_len=13341 hash=f4931df79adb
[2025-08-28T10:52:39.323704+00:00] site=Planungsgemeinschaft Rheinhessen-Nahe - Raumordnungsbericht
  url=https://www.pg-rheinhessen-nahe.de/projekte/reg-raumordnungsbericht/
  strategy=selectors(body)
  selectors=[body]
  matches=1
  used_nodes=body.wp-singular.page-template.page-template-elementor_header_footer.page.page-id-1055.page-child.parent-pageid-695.wp-custom-logo.wp-embed-responsive.wp-theme-hello-elementor.hello-elementor-default.elementor-default.elementor-template-full-width.elementor-kit-4.elementor-page.elementor-page-1055
  text_len=73403 hash=5bb657dfeded
[2025-08-28T10:52:39.410476+00:00] site=Regionalplan Nordschwarzwald - Teilfortschreibung Solarenergie
  url=https://nordschwarzwald-region.de/regionalplanung/teilfortschreibungen/teilregionalplan-solarenergie/
  strategy=selectors(#main)
  selectors=[#main]
  matches=1
  used_nodes=div#main.vamtam-main.layout-full
  text_len=91716 hash=32b5fe7faf40
[2025-08-28T10:52:39.439346+00:00] site=Regionalplan Hochrhein-Bodensee - Gesamtfortschreibung
  url=https://hochrhein-bodensee.de/regionalplanung/regionalplan-gesamtfortschreibung/
  strategy=selectors(#main)
  selectors=[#main]
  matches=1
  used_nodes=div#main.all_colors
  text_len=18694 hash=5e6c0821b178
[2025-08-28T10:52:39.594284+00:00] site=Regionalplan Oberfranken-West - Gesamtübersicht
  url=https://www.oberfranken-west.de/Regionalplan/%C3%84nderungen/
  strategy=selectors(.main-content)
  selectors=[.main-content]
  matches=1
  used_nodes=div.main-content.column-1
  text_len=17986 hash=3523747cc273
[2025-08-28T10:52:39.611577+00:00] site=Regionalplan Region Nuernberg - Aktuelle Fortschreibungen
  url=https://www.nuernberg.de/internet/pim/aktuellefortschreibungen.html
  strategy=selectors(#main)
  selectors=[#main]
  matches=1
  used_nodes=main#main.main
  text_len=9607 hash=7e459a8444c4
[2025-08-28T10:52:39.691439+00:00] site=Regionalplan Stuttgart - Teilregionalplan Solarenergie
  url=https://www.region-stuttgart.org/de/bereiche-aufgaben/regionalplanung/solarenergie/
  strategy=selectors(.main)
  selectors=[.main]
  matches=1
  used_nodes=main#content.main
  text_len=13236 hash=9eba7bde05d6
[2025-08-28T10:52:39.725617+00:00] site=Regionalplan Stuttgart - Abgeschlossene Änderungsverfahren
  url=https://www.region-stuttgart.org/de/bereiche-aufgaben/regionalplanung/regionalplan/abgeschlossenen-aenderungsverfahren-des-regionalplans/
  strategy=selectors(.main)
  selectors=[.main]
  matches=1
  used_nodes=main#content.main
  text_len=2412 hash=6cc08814fc79
[2025-08-28T10:52:39.780937+00:00] site=Regionalplan Region Main-Rhoen - Gesamtübersicht
  url=https://www.regierung.unterfranken.bayern.de/aufgaben/177666/177670/eigene_leistung/el_00283/index.html
  strategy=selectors(#main)
  selectors=[#main]
  matches=1
  used_nodes=div#main
  text_len=40190 hash=e01632c6a8ad
[2025-08-28T10:52:39.914927+00:00] site=Regionalplan Region Nuernberg - Bisherige Fortschreibungen
  url=https://www.nuernberg.de/internet/pim/bisherigefortschreibungen.html
  strategy=selectors(#main)
  selectors=[#main]
  matches=1
  used_nodes=main#main.main
  text_len=19089 hash=63c1cce0f7ed
[2025-08-28T10:52:40.019265+00:00] site=Regionalplan Region Wuerzburg - Gesamtüberischt
  url=https://www.regierung.unterfranken.bayern.de/aufgaben/177666/177670/eigene_leistung/el_00276/index.html
  strategy=selectors(#main)
  selectors=[#main]
  matches=1
  used_nodes=div#main
  text_len=64551 hash=bdf4144503b8
[2025-08-28T10:52:40.078714+00:00] site=Regionalplan Region Bayerischer Untermain - Gesamtübersicht
  url=https://www.regierung.unterfranken.bayern.de/aufgaben/177666/177670/eigene_leistung/el_00223/index.html
  strategy=selectors(#main)
  selectors=[#main]
  matches=1
  used_nodes=div#main
  text_len=45611 hash=597da54614b3
[2025-08-28T10:52:40.089721+00:00] site=Regionalplan Landshut - Aktuelle Fortschreibungen
  url=https://region.landshut.org/seite/554522/aktuelle-fortschreibungen.html
  strategy=selectors(main)
  selectors=[main]
  matches=1
  used_nodes=main
  text_len=12228 hash=fe81c9e795ca
[2025-08-28T10:52:40.104263+00:00] site=Regionalplan Landshut - Fortschreibungen
  url=https://region.landshut.org/seite/547999/fortschreibungen.html
  strategy=selectors(main)
  selectors=[main]
  matches=1
  used_nodes=main
  text_len=16924 hash=f8db854560d0
[2025-08-28T10:52:40.136125+00:00] site=Regionalplan Donau-Wald - Gesamtübersicht
  url=https://www.region-donau-wald.de/regionalplan
  strategy=selectors(body)
  selectors=[body]
  matches=1
  used_nodes=body
  text_len=42108 hash=7a26915018c6
[2025-08-28T10:52:40.165077+00:00] site=Regionalplan Donau-Wald - Laufende Fortschreibungen
  url=https://www.region-donau-wald.de/regionalplan/laufende-fortschreibungen
  strategy=selectors(body)
  selectors=[body]
  matches=1
  used_nodes=body
  text_len=40014 hash=ba7ef114ac88
[2025-08-28T10:52:40.199796+00:00] site=Regionalplan Donau-Wald - Abgeschlossene Änderungen
  url=https://www.region-donau-wald.de/regionalplan/abgeschlossene-aenderungen
  strategy=selectors(body)
  selectors=[body]
  matches=1
  used_nodes=body
  text_len=46111 hash=0e68509090f9
[2025-08-28T10:52:40.211195+00:00] site=Regionalplan Donau-Iller - Beteiligungsverfahren
  url=https://www.rvdi.de/regionalplanung/beteiligungsverfahren
  strategy=selectors(.content)
  selectors=[.content]
  matches=1
  used_nodes=div.content
  text_len=11066 hash=dd72a89822ad
[2025-08-28T10:52:40.218042+00:00] site=Regionalplan Donau-Iller - Basisinformationen
  url=https://www.rvdi.de/regionalplanung
  strategy=selectors(.content)
  selectors=[.content]
  matches=1
  used_nodes=div.content
  text_len=2843 hash=6f556a70e1d6
[2025-08-28T10:52:40.234020+00:00] site=Regionalplan Donau-Iller - Gesamtübersicht
  url=https://www.rvdi.de/regionalplanung/regionalplan
  strategy=selectors(.content)
  selectors=[.content]
  matches=1
  used_nodes=div.content
  text_len=21838 hash=27c32e35ab1a
[2025-08-28T10:52:40.256473+00:00] site=Regionalplan Oberfranken-Ost - Aktuelle Fortschreibungen
  url=https://www.planungsverband-oberfranken-ost.de/regionalplan/aktuelle-fortschreibungen/
  strategy=selectors(body)
  selectors=[body]
  matches=1
  used_nodes=body.wp-singular.page-template-default.page.page-id-3025.page-child.parent-pageid-91.wp-custom-logo.wp-embed-responsive.wp-theme-hello-elementor.hello-elementor-default.elementor-default.elementor-kit-5.elementor-page.elementor-page-3025.elementor-page-1102
  text_len=30789 hash=6adc9ab4d97c
[2025-08-28T10:52:40.276002+00:00] site=Regionalplan Oberfranken-Ost - Gesamtübersicht
  url=https://www.planungsverband-oberfranken-ost.de/regionalplan/
  strategy=selectors(body)
  selectors=[body]
  matches=1
  used_nodes=body.wp-singular.page-template-default.page.page-id-91.page-parent.wp-custom-logo.wp-embed-responsive.wp-theme-hello-elementor.hello-elementor-default.elementor-default.elementor-kit-5.elementor-page.elementor-page-91.elementor-page-1102
  text_len=32404 hash=84d2736379c9
[2025-08-28T10:52:40.303434+00:00] site=Regionalplan Oberfranken-Ost - Änderungen
  url=https://www.planungsverband-oberfranken-ost.de/regionalplan/aenderungen/
  strategy=selectors(body)
  selectors=[body]
  matches=1
  used_nodes=body.wp-singular.page-template-default.page.page-id-214.page-child.parent-pageid-91.wp-custom-logo.wp-embed-responsive.wp-theme-hello-elementor.hello-elementor-default.elementor-default.elementor-kit-5.elementor-page.elementor-page-214.elementor-page-1102
  text_len=50885 hash=faaf3987880e
[2025-08-28T10:52:40.333730+00:00] site=Regionalplan Hochrhein-Bodensee - Erneuerbare Energien
  url=https://hochrhein-bodensee.de/regionalplanung/erneuerbare-energien/
  strategy=selectors(#main)
  selectors=[#main]
  matches=1
  used_nodes=div#main.all_colors
  text_len=18821 hash=8f5a76d05d10
[2025-08-28T10:52:40.404507+00:00] site=Regionalplan Muenchen - Verfahren
  url=https://www.region-muenchen.com/verfahren
  strategy=selectors(body)
  selectors=[body]
  matches=1
  used_nodes=body#p865
  text_len=64558 hash=982ba617e1cd
[2025-08-28T10:52:40.444882+00:00] site=Regionalplan Ostwuerttemberg - Teilfortschreibungen
  url=https://www.ostwuerttemberg.org/regionalplanung/teilfortschreibungen/
  strategy=selectors(body)
  selectors=[body]
  matches=1
  used_nodes=body
  text_len=15677 hash=f79e9e6ce7a3
[2025-08-28T10:52:40.566504+00:00] site=Regionalplan Ostwuerttemberg - Erneuerbare Energien 2025
  url=https://www.ostwuerttemberg.org/regionalplanung/teilfortschreibungen/erneuerbare-energien-2025/
  strategy=selectors(body)
  selectors=[body]
  matches=1
  used_nodes=body
  text_len=35761 hash=d23f1f507381
[2025-08-28T10:52:40.630000+00:00] site=Regionalplan Region Regensburg - Gesamtübersicht 
  url=https://www.regierung.oberpfalz.bayern.de/service/landes_und_regionalplanung/regionalplanung/index.html
  strategy=selectors(#main)
  selectors=[#main]
  matches=1
  used_nodes=div#main
  text_len=62966 hash=7a425dab2018
[2025-08-28T10:52:40.689735+00:00] site=Regionalplan Region Oberpfalz-Nord - Gesamtübersicht
  url=https://www.regierung.oberpfalz.bayern.de/service/landes_und_regionalplanung/regionalplanung/index.html
  strategy=selectors(#main)
  selectors=[#main]
  matches=1
  used_nodes=div#main
  text_len=62966 hash=7a425dab2018
[2025-08-28T10:52:40.707406+00:00] site=Regionalplan Westmittelfranken - Änderungen
  url=https://www.region-westmittelfranken.de/Regionalplan/Regionalplan-Aenderungen.html
  strategy=selectors(.center)
  selectors=[.center]
  matches=1
  used_nodes=div.center
  text_len=30664 hash=d889cccbb47b
[2025-08-28T10:52:41.022990+00:00] site=Regionale Planungsgemeinschaft Nordthüringen - Regionalplan Nordthüringen 2012
  url=https://regionalplanung.thueringen.de/nordthueringen/regionalplan-nordthueringen/regionalplan-nordthueringen-2012
  strategy=selectors(div.th-content.th-rows)
  selectors=[div.th-content.th-rows]
  matches=1
  used_nodes=div.th-content.th-rows
  text_len=6392 hash=dce535ee333a
[2025-08-28T10:52:41.054661+00:00] site=Regionale Planungsgemeinschaft Nordthüringen - Änderung und Verfahrensstand RROP
  url=https://regionalplanung.thueringen.de/nordthueringen/regionalplan-nordthueringen/aenderung-des-regionalplanes/verfahrensstand
  strategy=selectors(div.th-content.th-rows)
  selectors=[div.th-content.th-rows]
  matches=1
  used_nodes=div.th-content.th-rows
  text_len=3627 hash=767e2e01cf99
[2025-08-28T10:52:41.082652+00:00] site=Regionale Planungsgemeinschaft Mittelthüringen - Regionalplan Mittelthüringen 2011
  url=https://regionalplanung.thueringen.de/mittelthueringen/regionalplan-mittelthueringen
  strategy=selectors(div.th-content.th-rows)
  selectors=[div.th-content.th-rows]
  matches=1
  used_nodes=div.th-content.th-rows
  text_len=5723 hash=aa787071fa87
[2025-08-28T10:52:41.151260+00:00] site=Regionale Planungsgemeinschaft Nordthüringen - Änderung RROP Entwurf 
  url=https://regionalplanung.thueringen.de/nordthueringen/regionalplan-nordthueringen/aenderung-des-regionalplanes/entwurf
  strategy=selectors(div.th-content.th-rows)
  selectors=[div.th-content.th-rows]
  matches=1
  used_nodes=div.th-content.th-rows
  text_len=1961 hash=8f6152af549c
[2025-08-28T10:52:41.189013+00:00] site=Regionale Planungsgemeinschaft Mittelthüringen - Änderung und Verfahrensstand RROP/TP
  url=https://regionalplanung.thueringen.de/mittelthueringen/regionalplan-mittelthueringen/aenderung-des-regionalplanes/verfahrensstand
  strategy=selectors(div.th-content.th-rows)
  selectors=[div.th-content.th-rows]
  matches=1
  used_nodes=div.th-content.th-rows
  text_len=7323 hash=e6d7ba1047cb
[2025-08-28T10:52:41.219995+00:00] site=Regionale Planungsgemeinschaft Südwestthüringen - Regionalplan Südwestthüringen 2012
  url=https://regionalplanung.thueringen.de/suedwestthueringen/regionalplan-suedwestthueringen/regionalplan-suedwestthueringen-2012
  strategy=selectors(div.th-content.th-rows)
  selectors=[div.th-content.th-rows]
  matches=1
  used_nodes=div.th-content.th-rows
  text_len=11823 hash=ae81f528d523
[2025-08-28T10:52:41.247874+00:00] site=Regionale Planungsgemeinschaft Südwestthüringen - Änderung RROP Entwurf
  url=https://regionalplanung.thueringen.de/suedwestthueringen/regionalplan-suedwestthueringen/aenderung-des-regionalplanes/entwurf
  strategy=selectors(div.th-content.th-rows)
  selectors=[div.th-content.th-rows]
  matches=1
  used_nodes=div.th-content.th-rows
  text_len=3265 hash=7b316eb4068e
[2025-08-28T10:52:41.276729+00:00] site=Regionale Planungsgemeinschaft Südwestthüringen - Änderung und Verfahrensstand RROP
  url=https://regionalplanung.thueringen.de/suedwestthueringen/regionalplan-suedwestthueringen/aenderung-des-regionalplanes/verfahrensstand
  strategy=selectors(div.th-content.th-rows)
  selectors=[div.th-content.th-rows]
  matches=1
  used_nodes=div.th-content.th-rows
  text_len=2432 hash=5f7f2afc429b
[2025-08-28T10:52:41.304760+00:00] site=Regionale Planungsgemeinschaft Mittelthüringen - Entwurf 2. sachlicher Teilplan Windenergie
  url=https://regionalplanung.thueringen.de/mittelthueringen/regionalplan-mittelthueringen/aufstellung-2stpwind/entwurfsstand-2stpwind-122023
  strategy=selectors(div.th-content.th-rows)
  selectors=[div.th-content.th-rows]
  matches=1
  used_nodes=div.th-content.th-rows
  text_len=2963 hash=39e37a4b7508
[2025-08-28T10:52:41.332201+00:00] site=Regionale Planungsgemeinschaft Mittelthüringen - Änderung RROP Entwurf
  url=https://regionalplanung.thueringen.de/mittelthueringen/regionalplan-mittelthueringen/aenderung-des-regionalplanes/entwurf/entwurfsstand-092019
  strategy=selectors(div.th-content.th-rows)
  selectors=[div.th-content.th-rows]
  matches=1
  used_nodes=div.th-content.th-rows
  text_len=3016 hash=4336d79f93e7
[2025-08-28T10:52:41.362885+00:00] site=Regionale Planungsgemeinschaft Ostthüringen - Änderung und Verfahrensstand RROP
  url=https://regionalplanung.thueringen.de/ostthueringen/regionalplan-ostthueringen/aenderung-des-regionalplanes/verfahrensstand
  strategy=selectors(div.th-content.th-rows)
  selectors=[div.th-content.th-rows]
  matches=1
  used_nodes=div.th-content.th-rows
  text_len=8967 hash=e7237071f612
[2025-08-28T10:52:41.392955+00:00] site=Regionale Planungsgemeinschaft Ostthüringen - Änderung RROP Entwurf
  url=https://regionalplanung.thueringen.de/ostthueringen/regionalplan-ostthueringen/aenderung-des-regionalplanes/entwurf
  strategy=selectors(div.th-content.th-rows)
  selectors=[div.th-content.th-rows]
  matches=1
  used_nodes=div.th-content.th-rows
  text_len=6943 hash=7323a876e6cc
[2025-08-28T10:52:41.423935+00:00] site=Regionale Planungsgemeinschaft Ostthüringen - Sachlicher Teilplan Windenergie 2020
  url=https://regionalplanung.thueringen.de/ostthueringen/regionalplan-ostthueringen/sachlicher-teilplan-windenergie-2020
  strategy=selectors(div.th-content.th-rows)
  selectors=[div.th-content.th-rows]
  matches=1
  used_nodes=div.th-content.th-rows
  text_len=8108 hash=59f6c6c2bfb8
[2025-08-28T10:52:41.445065+00:00] site=Regionalplan Allgaeu - Fortschreibung
  url=https://www.region.allgaeu.org/regionalplan/regionalplan-fortschreibungen/
  strategy=selectors(#after_section_1)
  selectors=[#after_section_1]
  matches=1
  used_nodes=div#after_section_1.main_color.av_default_container_wrap.container_wrap.sidebar_left
  text_len=11037 hash=a0a062968aa2
[2025-08-28T10:52:41.486139+00:00] site=Regionalplan Region Suedostoberbayern - Fortschreibungen
  url=https://www.region-suedostoberbayern.bayern.de/fortschreibungen/
  strategy=selectors(#content)
  selectors=[#content]
  matches=1
  used_nodes=div#content.site-content
  text_len=61624 hash=96a3684074a5
[2025-08-28T10:52:41.533018+00:00] site=Regionalplan Region Oberland - Fortschreibungen
  url=https://www.region-oberland.bayern.de/fortschreibungen/
  strategy=selectors(#content)
  selectors=[#content]
  matches=1
  used_nodes=div#content.site-content
  text_len=70391 hash=658fef84813b
[2025-08-28T10:52:41.613794+00:00] site=Regionalplan Ingolstadt - Fortschreibungen
  url=https://www.region-ingolstadt.bayern.de/fortschreibungen/
  strategy=selectors(body)
  selectors=[body]
  matches=1
  used_nodes=body.archive.post-type-archive.post-type-archive-fortschreibungen.wp-theme-astra.wp-child-theme-astra-child.ast-desktop.ast-separate-container.ast-two-container.ast-no-sidebar.astra-4.11.8.ast-inherit-site-logo-transparent.ast-hfb-header.elementor-page-1068.elementor-default.elementor-template-full-width.elementor-kit-6.astra-addon-4.11.6
  text_len=232372 hash=ea6c9f148627
[2025-08-28T10:52:43.158136+00:00] site=Regionale Planungsgemeinschaft Ostthüringen - Regionalplan Ostthüringen 2012
  url=https://regionalplanung.thueringen.de/ostthueringen/regionalplan-ostthueringen/regionalplan-ostthueringen-2012
  strategy=selectors(div.th-content.th-rows)
  selectors=[div.th-content.th-rows]
  matches=1
  used_nodes=div.th-content.th-rows
  text_len=7276 hash=9eefeb84fe43
